[0.013s] Invoking command in '/home/mazen/mini_girona/build/cola2_nav': CMAKE_PREFIX_PATH=/home/mazen/mini_girona/install/cola2_lib_ros:/home/mazen/mini_girona/install/cola2_msgs:/home/mazen/mini_girona/install/cola2_nav:/home/mazen/mini_girona/install/minigirona_stonefish:/home/mazen/mini_girona/install/stonefish_ros2:/home/mazen/mini_girona/install/cola2_minigirona:/home/mazen/mini_girona/install/minigirona_description:/home/mazen/mini_girona/install/cola2_control:/opt/ros/humble LD_LIBRARY_PATH=/home/mazen/mini_girona/install/cola2_lib_ros/lib:/home/mazen/mini_girona/install/cola2_msgs/lib:/home/mazen/mini_girona/install/stonefish_ros2/lib:/opt/ros/humble/opt/rviz_ogre_vendor/lib:/opt/ros/humble/lib/x86_64-linux-gnu:/opt/ros/humble/lib /usr/bin/cmake /home/mazen/mini_girona/src/cola2_nav -DCMAKE_INSTALL_PREFIX=/home/mazen/mini_girona/install/cola2_nav
[0.069s] -- The C compiler identification is GNU 11.4.0
[0.136s] -- The CXX compiler identification is GNU 11.4.0
[0.144s] -- Detecting C compiler ABI info
[0.215s] -- Detecting C compiler ABI info - done
[0.223s] -- Check for working C compiler: /usr/bin/cc - skipped
[0.224s] -- Detecting C compile features
[0.224s] -- Detecting C compile features - done
[0.227s] -- Detecting CXX compiler ABI info
[0.308s] -- Detecting CXX compiler ABI info - done
[0.317s] -- Check for working CXX compiler: /usr/bin/c++ - skipped
[0.317s] -- Detecting CXX compile features
[0.317s] -- Detecting CXX compile features - done
[0.320s] -- COLA2_LIB found version 24.1.1
[0.320s] -- COLA2_LIB include directories: /usr/local/share/cola2_lib/../../include/cola2_lib;/usr/include;/usr/include/eigen3
[0.320s] -- COLA2_LIB libraries: cola2_io;cola2_utils;cola2_mission;cola2_comms;cola2_wmmc;cola2_wmm
[0.320s] -- Including COLA2_LIB include directories
[0.482s] -- Found Boost: /usr/lib/x86_64-linux-gnu/cmake/Boost-1.74.0/BoostConfig.cmake (found version "1.74.0") found components: thread date_time filesystem 
[0.494s] -- Found TinyXML: /usr/lib/x86_64-linux-gnu/libtinyxml.so  
[0.496s] -- Found rosidl_default_generators: 1.2.0 (/opt/ros/humble/share/rosidl_default_generators/cmake)
[0.497s] -- Found ament_cmake_core: 1.3.11 (/opt/ros/humble/share/ament_cmake_core/cmake)
[0.633s] -- Found Python3: /usr/bin/python3 (found version "3.10.12") found components: Interpreter 
[0.692s] -- Using all available rosidl_typesupport_c: rosidl_typesupport_fastrtps_c;rosidl_typesupport_introspection_c
[0.699s] -- Found rosidl_adapter: 3.1.6 (/opt/ros/humble/share/rosidl_adapter/cmake)
[0.753s] -- Using all available rosidl_typesupport_cpp: rosidl_typesupport_fastrtps_cpp;rosidl_typesupport_introspection_cpp
[0.786s] -- Found rclpy: 3.3.15 (/opt/ros/humble/share/rclpy/cmake)
[0.787s] -- Found rclcpp: 16.0.11 (/opt/ros/humble/share/rclcpp/cmake)
[0.835s] -- Found rmw_implementation_cmake: 6.1.2 (/opt/ros/humble/share/rmw_implementation_cmake/cmake)
[0.837s] -- Found rmw_fastrtps_cpp: 6.2.7 (/opt/ros/humble/share/rmw_fastrtps_cpp/cmake)
[0.917s] -- Found OpenSSL: /usr/lib/x86_64-linux-gnu/libcrypto.so (found version "3.0.2")  
[0.940s] -- Found FastRTPS: /opt/ros/humble/include  
[0.977s] -- Using RMW implementation 'rmw_fastrtps_cpp' as default
[0.985s] -- Found Threads: TRUE  
[1.034s] -- Found tf2: 0.25.11 (/opt/ros/humble/share/tf2/cmake)
[1.056s] -- Found tf2_ros: 0.25.11 (/opt/ros/humble/share/tf2_ros/cmake)
[1.144s] -- Found tf2_geometry_msgs: 0.25.11 (/opt/ros/humble/share/tf2_geometry_msgs/cmake)
[1.152s] -- Found eigen3_cmake_module: 0.1.1 (/opt/ros/humble/share/eigen3_cmake_module/cmake)
[1.153s] -- Found Eigen3: TRUE (found version "3.4.0") 
[1.153s] -- Ensuring Eigen3 include directory is part of orocos-kdl CMake target
[1.155s] -- Found tf2_eigen: 0.25.11 (/opt/ros/humble/share/tf2_eigen/cmake)
[1.159s] -- Found std_srvs: 4.2.4 (/opt/ros/humble/share/std_srvs/cmake)
[1.169s] -- Found sensor_msgs: 4.2.4 (/opt/ros/humble/share/sensor_msgs/cmake)
[1.188s] -- Found visualization_msgs: 4.2.4 (/opt/ros/humble/share/visualization_msgs/cmake)
[1.208s] -- Found diagnostic_msgs: 4.2.4 (/opt/ros/humble/share/diagnostic_msgs/cmake)
[1.221s] -- Found nav_msgs: 4.2.4 (/opt/ros/humble/share/nav_msgs/cmake)
[1.238s] -- Found cola2_msgs: 24.1.0 (/home/mazen/mini_girona/install/cola2_msgs/share/cola2_msgs/cmake)
[1.281s] -- Found cola2_lib_ros: 24.1.2 (/home/mazen/mini_girona/install/cola2_lib_ros/share/cola2_lib_ros/cmake)
[1.452s] -- Configuring done
[1.578s] -- Generating done
[1.595s] -- Build files have been written to: /home/mazen/mini_girona/build/cola2_nav
[1.608s] Invoked command in '/home/mazen/mini_girona/build/cola2_nav' returned '0': CMAKE_PREFIX_PATH=/home/mazen/mini_girona/install/cola2_lib_ros:/home/mazen/mini_girona/install/cola2_msgs:/home/mazen/mini_girona/install/cola2_nav:/home/mazen/mini_girona/install/minigirona_stonefish:/home/mazen/mini_girona/install/stonefish_ros2:/home/mazen/mini_girona/install/cola2_minigirona:/home/mazen/mini_girona/install/minigirona_description:/home/mazen/mini_girona/install/cola2_control:/opt/ros/humble LD_LIBRARY_PATH=/home/mazen/mini_girona/install/cola2_lib_ros/lib:/home/mazen/mini_girona/install/cola2_msgs/lib:/home/mazen/mini_girona/install/stonefish_ros2/lib:/opt/ros/humble/opt/rviz_ogre_vendor/lib:/opt/ros/humble/lib/x86_64-linux-gnu:/opt/ros/humble/lib /usr/bin/cmake /home/mazen/mini_girona/src/cola2_nav -DCMAKE_INSTALL_PREFIX=/home/mazen/mini_girona/install/cola2_nav
[1.609s] Invoking command in '/home/mazen/mini_girona/build/cola2_nav': CMAKE_PREFIX_PATH=/home/mazen/mini_girona/install/cola2_lib_ros:/home/mazen/mini_girona/install/cola2_msgs:/home/mazen/mini_girona/install/cola2_nav:/home/mazen/mini_girona/install/minigirona_stonefish:/home/mazen/mini_girona/install/stonefish_ros2:/home/mazen/mini_girona/install/cola2_minigirona:/home/mazen/mini_girona/install/minigirona_description:/home/mazen/mini_girona/install/cola2_control:/opt/ros/humble LD_LIBRARY_PATH=/home/mazen/mini_girona/install/cola2_lib_ros/lib:/home/mazen/mini_girona/install/cola2_msgs/lib:/home/mazen/mini_girona/install/stonefish_ros2/lib:/opt/ros/humble/opt/rviz_ogre_vendor/lib:/opt/ros/humble/lib/x86_64-linux-gnu:/opt/ros/humble/lib /usr/bin/cmake --build /home/mazen/mini_girona/build/cola2_nav -- -j12 -l12
[1.656s] [ 30%] [32mBuilding CXX object CMakeFiles/cola2_nav.dir/src/cola2_nav/ekf_base.cpp.o[0m
[1.656s] [ 30%] [32mBuilding CXX object CMakeFiles/cola2_nav.dir/src/cola2_nav/ekf_base_ros2.cpp.o[0m
[1.656s] [ 30%] [32mBuilding CXX object CMakeFiles/cola2_nav.dir/src/cola2_nav/transformations.cpp.o[0m
[6.220s] gmake[2]: *** [CMakeFiles/cola2_nav.dir/build.make:76: CMakeFiles/cola2_nav.dir/src/cola2_nav/ekf_base.cpp.o] Interrupt
[6.221s] gmake[2]: *** [CMakeFiles/cola2_nav.dir/build.make:90: CMakeFiles/cola2_nav.dir/src/cola2_nav/ekf_base_ros2.cpp.o] Interrupt
[6.221s] gmake[1]: *** [CMakeFiles/Makefile2:143: CMakeFiles/cola2_nav.dir/all] Interrupt
[6.221s] gmake: *** [Makefile:146: all] Interrupt
